<?xml version="1.0" encoding="UTF-8" ?>
<testsuite tests="1" failures="0" name="br.com.contmatic.empresa.EmpresaTest" time="0.032" errors="0" skipped="0">
  <properties>
    <property name="jansi.mode" value="force"/>
    <property name="java.runtime.name" value="OpenJDK Runtime Environment"/>
    <property name="sun.boot.library.path" value="C:\JDK\zulu8.64.0.19-ca-jdk8.0.345-win_x64\zulu8.64.0.19-ca-jdk8.0.345-win_x64\jre\bin"/>
    <property name="java.vm.version" value="25.345-b01"/>
    <property name="jdk.vendor.version" value="Zulu 8.64.0.19-CA-win64"/>
    <property name="java.vm.vendor" value="Azul Systems, Inc."/>
    <property name="maven.multiModuleProjectDirectory" value="C:\Users\joao.vilela\Desktop\Empresa_Prova_01"/>
    <property name="java.vendor.url" value="http://www.azul.com/"/>
    <property name="path.separator" value=";"/>
    <property name="guice.disable.misplaced.annotation.check" value="true"/>
    <property name="java.vm.name" value="OpenJDK 64-Bit Server VM"/>
    <property name="file.encoding.pkg" value="sun.io"/>
    <property name="user.script" value=""/>
    <property name="user.country" value="BR"/>
    <property name="sun.java.launcher" value="SUN_STANDARD"/>
    <property name="sun.os.patch.level" value=""/>
    <property name="java.vm.specification.name" value="Java Virtual Machine Specification"/>
    <property name="user.dir" value="C:\Users\joao.vilela\Desktop\Empresa_Prova_01"/>
    <property name="java.runtime.version" value="1.8.0_345-b01"/>
    <property name="java.awt.graphicsenv" value="sun.awt.Win32GraphicsEnvironment"/>
    <property name="java.endorsed.dirs" value="C:\JDK\zulu8.64.0.19-ca-jdk8.0.345-win_x64\zulu8.64.0.19-ca-jdk8.0.345-win_x64\jre\lib\endorsed"/>
    <property name="os.arch" value="amd64"/>
    <property name="java.io.tmpdir" value="C:\Users\JOAO~1.VIL\AppData\Local\Temp\"/>
    <property name="line.separator" value="
"/>
    <property name="java.vm.specification.vendor" value="Oracle Corporation"/>
    <property name="user.variant" value=""/>
    <property name="os.name" value="Windows 10"/>
    <property name="classworlds.conf" value="C:\Users\joao.vilela\Desktop\Empresa_W\.metadata\.plugins\org.eclipse.m2e.launching\launches\m2conf12345555395619115835.tmp"/>
    <property name="jansi.force" value="true"/>
    <property name="sun.jnu.encoding" value="Cp1252"/>
    <property name="java.library.path" value="C:\JDK\zulu8.64.0.19-ca-jdk8.0.345-win_x64\zulu8.64.0.19-ca-jdk8.0.345-win_x64\bin;C:\Windows\Sun\Java\bin;C:\Windows\system32;C:\Windows;C:/Program Files/SpringTools4/sts-4.15.3.RELEASE//plugins/org.eclipse.justj.openjdk.hotspot.jre.full.win32.x86_64_17.0.4.v20220805-1047/jre/bin/server;C:/Program Files/SpringTools4/sts-4.15.3.RELEASE//plugins/org.eclipse.justj.openjdk.hotspot.jre.full.win32.x86_64_17.0.4.v20220805-1047/jre/bin;C:\Program Files (x86)\Common Files\Oracle\Java\javapath;C:\Windows\system32;C:\Windows;C:\Windows\System32\Wbem;C:\Windows\System32\WindowsPowerShell\v1.0\;C:\Windows\System32\OpenSSH\;C:\Program Files\Git\cmd;C:\Program Files\nodejs\;C:\Users\joao.vilela\AppData\Local\Microsoft\WindowsApps;C:\Users\joao.vilela\AppData\Local\Programs\Microsoft VS Code\bin;C:\Users\joao.vilela\AppData\Local\GitHubDesktop\bin;C:\Users\joao.vilela\AppData\Roaming\npm;C:\Program Files\SpringTools4\sts-4.15.3.RELEASE;;."/>
    <property name="jansi.passthrough" value="true"/>
    <property name="java.specification.name" value="Java Platform API Specification"/>
    <property name="java.class.version" value="52.0"/>
    <property name="sun.management.compiler" value="HotSpot 64-Bit Tiered Compilers"/>
    <property name="os.version" value="10.0"/>
    <property name="user.home" value="C:\Users\joao.vilela"/>
    <property name="user.timezone" value="America/Sao_Paulo"/>
    <property name="java.awt.printerjob" value="sun.awt.windows.WPrinterJob"/>
    <property name="java.specification.version" value="1.8"/>
    <property name="file.encoding" value="UTF-8"/>
    <property name="user.name" value="joao.vilela"/>
    <property name="java.class.path" value="C:\Program Files\SpringTools4\sts-4.15.3.RELEASE\plugins\org.eclipse.m2e.maven.runtime_1.18.3.20220227-1319\jars\plexus-classworlds-2.6.0.jar"/>
    <property name="java.vm.specification.version" value="1.8"/>
    <property name="sun.arch.data.model" value="64"/>
    <property name="java.home" value="C:\JDK\zulu8.64.0.19-ca-jdk8.0.345-win_x64\zulu8.64.0.19-ca-jdk8.0.345-win_x64\jre"/>
    <property name="sun.java.command" value="org.codehaus.plexus.classworlds.launcher.Launcher -B install -Dstyle.color=always -Dstyle.color=always"/>
    <property name="java.specification.vendor" value="Oracle Corporation"/>
    <property name="user.language" value="pt"/>
    <property name="awt.toolkit" value="sun.awt.windows.WToolkit"/>
    <property name="java.vm.info" value="mixed mode"/>
    <property name="java.version" value="1.8.0_345"/>
    <property name="java.ext.dirs" value="C:\JDK\zulu8.64.0.19-ca-jdk8.0.345-win_x64\zulu8.64.0.19-ca-jdk8.0.345-win_x64\jre\lib\ext;C:\Windows\Sun\Java\lib\ext"/>
    <property name="sun.boot.class.path" value="C:\JDK\zulu8.64.0.19-ca-jdk8.0.345-win_x64\zulu8.64.0.19-ca-jdk8.0.345-win_x64\jre\lib\resources.jar;C:\JDK\zulu8.64.0.19-ca-jdk8.0.345-win_x64\zulu8.64.0.19-ca-jdk8.0.345-win_x64\jre\lib\rt.jar;C:\JDK\zulu8.64.0.19-ca-jdk8.0.345-win_x64\zulu8.64.0.19-ca-jdk8.0.345-win_x64\jre\lib\sunrsasign.jar;C:\JDK\zulu8.64.0.19-ca-jdk8.0.345-win_x64\zulu8.64.0.19-ca-jdk8.0.345-win_x64\jre\lib\jsse.jar;C:\JDK\zulu8.64.0.19-ca-jdk8.0.345-win_x64\zulu8.64.0.19-ca-jdk8.0.345-win_x64\jre\lib\jce.jar;C:\JDK\zulu8.64.0.19-ca-jdk8.0.345-win_x64\zulu8.64.0.19-ca-jdk8.0.345-win_x64\jre\lib\charsets.jar;C:\JDK\zulu8.64.0.19-ca-jdk8.0.345-win_x64\zulu8.64.0.19-ca-jdk8.0.345-win_x64\jre\lib\jfr.jar;C:\JDK\zulu8.64.0.19-ca-jdk8.0.345-win_x64\zulu8.64.0.19-ca-jdk8.0.345-win_x64\jre\lib\cat.jar;C:\JDK\zulu8.64.0.19-ca-jdk8.0.345-win_x64\zulu8.64.0.19-ca-jdk8.0.345-win_x64\jre\classes"/>
    <property name="java.vendor" value="Azul Systems, Inc."/>
    <property name="maven.home" value="C:\Users\joao.vilela\Desktop\Empresa_Prova_01\EMBEDDED"/>
    <property name="style.color" value="always"/>
    <property name="file.separator" value="\"/>
    <property name="java.vendor.url.bug" value="http://www.azul.com/support/"/>
    <property name="sun.cpu.endian" value="little"/>
    <property name="sun.io.unicode.encoding" value="UnicodeLittle"/>
    <property name="sun.desktop" value="windows"/>
    <property name="sun.cpu.isalist" value="amd64"/>
  </properties>
  <testcase classname="br.com.contmatic.empresa.EmpresaTest" name="br.com.contmatic.empresa.EmpresaTest.test01_set_cnpj" time="0.032"/>
</testsuite>